[debug] [2020-10-09T00:05:30.156Z] ----------------------------------------------------------------------
[debug] [2020-10-09T00:05:30.160Z] Command:       /usr/local/bin/node /usr/local/bin/firebase deploy
[debug] [2020-10-09T00:05:30.160Z] CLI Version:   8.12.0
[debug] [2020-10-09T00:05:30.161Z] Platform:      darwin
[debug] [2020-10-09T00:05:30.161Z] Node Version:  v10.15.3
[debug] [2020-10-09T00:05:30.161Z] Time:          Fri Oct 09 2020 02:05:30 GMT+0200 (Central European Summer Time)
[debug] [2020-10-09T00:05:30.161Z] ----------------------------------------------------------------------
[debug] [2020-10-09T00:05:30.162Z] 
[debug] [2020-10-09T00:05:30.180Z] > command requires scopes: ["email","openid","https://www.googleapis.com/auth/cloudplatformprojects.readonly","https://www.googleapis.com/auth/firebase","https://www.googleapis.com/auth/cloud-platform"]
[debug] [2020-10-09T00:05:30.181Z] > authorizing via signed-in user
[debug] [2020-10-09T00:05:30.181Z] [iam] checking project angeliki for permissions ["firebase.projects.get","firebasehosting.sites.update"]
[debug] [2020-10-09T00:05:30.186Z] >>> HTTP REQUEST POST https://cloudresourcemanager.googleapis.com/v1/projects/angeliki:testIamPermissions  
 {"permissions":["firebase.projects.get","firebasehosting.sites.update"]}
[debug] [2020-10-09T00:05:31.525Z] <<< HTTP RESPONSE 200 {"content-type":"application/json; charset=UTF-8","vary":"X-Origin, Referer, Origin,Accept-Encoding","date":"Fri, 09 Oct 2020 00:05:31 GMT","server":"ESF","cache-control":"private","x-xss-protection":"0","x-frame-options":"SAMEORIGIN","x-content-type-options":"nosniff","server-timing":"gfet4t7; dur=657","alt-svc":"h3-Q050=\":443\"; ma=2592000,h3-29=\":443\"; ma=2592000,h3-27=\":443\"; ma=2592000,h3-T051=\":443\"; ma=2592000,h3-T050=\":443\"; ma=2592000,h3-Q046=\":443\"; ma=2592000,h3-Q043=\":443\"; ma=2592000,quic=\":443\"; ma=2592000; v=\"46,43\"","accept-ranges":"none","transfer-encoding":"chunked"}
[debug] [2020-10-09T00:05:31.527Z] >>> HTTP REQUEST GET https://firebase.googleapis.com/v1beta1/projects/angeliki  
 
[debug] [2020-10-09T00:05:32.051Z] <<< HTTP RESPONSE 200 {"content-type":"application/json; charset=UTF-8","vary":"X-Origin, Referer, Origin,Accept-Encoding","date":"Fri, 09 Oct 2020 00:05:32 GMT","server":"ESF","cache-control":"private","x-xss-protection":"0","x-frame-options":"SAMEORIGIN","x-content-type-options":"nosniff","alt-svc":"h3-Q050=\":443\"; ma=2592000,h3-29=\":443\"; ma=2592000,h3-27=\":443\"; ma=2592000,h3-T051=\":443\"; ma=2592000,h3-T050=\":443\"; ma=2592000,h3-Q046=\":443\"; ma=2592000,h3-Q043=\":443\"; ma=2592000,quic=\":443\"; ma=2592000; v=\"46,43\"","accept-ranges":"none","transfer-encoding":"chunked"}
[info] 
[info] === Deploying to 'angeliki'...
[info] 
[info] i  deploying hosting 
[debug] [2020-10-09T00:05:32.056Z] >>> HTTP REQUEST POST https://firebasehosting.googleapis.com/v1beta1/sites/angeliki/versions  
 {"config":{"rewrites":[{"glob":"**","path":"/index.html"}],"headers":[{"glob":"/service-worker.js","headers":{"Cache-Control":"no-cache"}}]},"labels":{"deployment-tool":"cli-firebase"}}
[debug] [2020-10-09T00:05:33.555Z] <<< HTTP RESPONSE 200 {"content-type":"application/json; charset=UTF-8","vary":"X-Origin, Referer, Origin,Accept-Encoding","date":"Fri, 09 Oct 2020 00:05:33 GMT","server":"ESF","cache-control":"private","x-xss-protection":"0","x-frame-options":"SAMEORIGIN","x-content-type-options":"nosniff","alt-svc":"h3-Q050=\":443\"; ma=2592000,h3-29=\":443\"; ma=2592000,h3-27=\":443\"; ma=2592000,h3-T051=\":443\"; ma=2592000,h3-T050=\":443\"; ma=2592000,h3-Q046=\":443\"; ma=2592000,h3-Q043=\":443\"; ma=2592000,quic=\":443\"; ma=2592000; v=\"46,43\"","accept-ranges":"none","transfer-encoding":"chunked"}
[info] i  hosting[angeliki]: beginning deploy... 
[info] i  hosting[angeliki]: found 54 files in build 
